#
# A fatal error has been detected by the Java Runtime Environment:
#
#  Internal Error (signature.cpp:308), pid=8337, tid=0x0000000000004703
#  Error: ShouldNotReachHere()
#
# JRE version: OpenJDK Runtime Environment (8.0_112-b06) (build 1.8.0_112-release-b06)
# Java VM: OpenJDK 64-Bit Server VM (25.112-b06 mixed mode bsd-amd64 compressed oops)
# Failed to write core dump. Core dumps have been disabled. To enable core dumping, try "ulimit -c unlimited" before starting Java again
#
# If you would like to submit a bug report, please visit:
#   http://bugreport.java.com/bugreport/crash.jsp
#

---------------  T H R E A D  ---------------

Current thread (0x00007fd56405e000):  JavaThread "C1 CompilerThread2" daemon [_thread_in_vm, id=18179, stack(0x0000700000d41000,0x0000700000e41000)]

Stack: [0x0000700000d41000,0x0000700000e41000],  sp=0x0000700000e3f6b0,  free space=1017k
Native frames: (J=compiled Java code, j=interpreted, Vv=VM code, C=native code)
V  [libjvm.dylib+0x57e1be]
V  [libjvm.dylib+0x1e2707]
V  [libjvm.dylib+0x4d0570]
V  [libjvm.dylib+0x50966f]
V  [libjvm.dylib+0x39ebb2]
V  [libjvm.dylib+0x39ed89]
V  [libjvm.dylib+0x39efd8]
V  [libjvm.dylib+0x162961]
V  [libjvm.dylib+0x163b3b]
V  [libjvm.dylib+0x163c43]
V  [libjvm.dylib+0x174ce1]
V  [libjvm.dylib+0xf35bf]
V  [libjvm.dylib+0xf6691]
V  [libjvm.dylib+0xf2f5d]
V  [libjvm.dylib+0xf7451]
V  [libjvm.dylib+0xfc926]
V  [libjvm.dylib+0xfc9d7]
V  [libjvm.dylib+0xe723f]
V  [libjvm.dylib+0xe73ce]
V  [libjvm.dylib+0xe75f7]
V  [libjvm.dylib+0xe780c]
V  [libjvm.dylib+0xe7f8e]
V  [libjvm.dylib+0x1b19fe]
V  [libjvm.dylib+0x1b3f45]
V  [libjvm.dylib+0x53912d]
V  [libjvm.dylib+0x53a7e4]
V  [libjvm.dylib+0x45bf0a]
C  [libsystem_pthread.dylib+0x399d]  _pthread_body+0x83
C  [libsystem_pthread.dylib+0x391a]  _pthread_body+0x0
C  [libsystem_pthread.dylib+0x1351]  thread_start+0xd
C  0x0000000000000000


Current CompileTask:
C1:32530760 26648       2       com.android.apkzlib.zip.EncodeUtils::encode (29 bytes)


---------------  P R O C E S S  ---------------

Java Threads: ( => current thread )
  0x00007fd56a743800 JavaThread "pool-236-thread-1" [_thread_blocked, id=24659, stack(0x0000700002128000,0x0000700002228000)]
  0x00007fd5690b0000 JavaThread "pool-231-thread-2" [_thread_blocked, id=31927, stack(0x0000700002025000,0x0000700002125000)]
  0x00007fd56a540800 JavaThread "pool-231-thread-1" [_thread_blocked, id=27635, stack(0x0000700001a93000,0x0000700001b93000)]
  0x00007fd566f09000 JavaThread "Cache update executor" [_thread_blocked, id=23311, stack(0x0000700001990000,0x0000700001a90000)]
  0x00007fd5690af000 JavaThread "Stdin handler" [_thread_blocked, id=31667, stack(0x000070000175f000,0x000070000185f000)]
  0x00007fd564d53800 JavaThread "Asynchronous log dispatcher for DefaultDaemonConnection: socket connection from /127.0.0.1:62510 to /127.0.0.1:55663" [_thread_blocked, id=22019, stack(0x000070000165c000,0x000070000175c000)]
  0x00007fd564eed000 JavaThread "Cancel handler" [_thread_blocked, id=29151, stack(0x0000700001456000,0x0000700001556000)]
  0x00007fd56945c000 JavaThread "Handler for socket connection from /127.0.0.1:62510 to /127.0.0.1:55663" [_thread_in_native, id=27939, stack(0x0000700001250000,0x0000700001350000)]
  0x00007fd564fab800 JavaThread "process reaper" daemon [_thread_blocked, id=31175, stack(0x0000700000097000,0x00007000000bf000)]
  0x00007fd567cd5800 JavaThread "Daemon worker Thread 44" [_thread_blocked, id=21779, stack(0x0000700001559000,0x0000700001659000)]
  0x00007fd56a091800 JavaThread "Daemon Thread 44" [_thread_blocked, id=28859, stack(0x000070000114d000,0x000070000124d000)]
  0x00007fd567f8e800 JavaThread "pool-4-thread-4" [_thread_blocked, id=21007, stack(0x0000700001f22000,0x0000700002022000)]
  0x00007fd564649000 JavaThread "pool-4-thread-3" [_thread_blocked, id=26395, stack(0x0000700001e1f000,0x0000700001f1f000)]
  0x00007fd564a7a000 JavaThread "pool-4-thread-2" [_thread_blocked, id=23051, stack(0x0000700001d1c000,0x0000700001e1c000)]
  0x00007fd566fe7800 JavaThread "pool-4-thread-1" [_thread_blocked, id=24839, stack(0x0000700001c19000,0x0000700001d19000)]
  0x00007fd5684d2000 JavaThread "pool-2-thread-1" [_thread_blocked, id=14087, stack(0x000070000188d000,0x000070000198d000)]
  0x00007fd566c83000 JavaThread "File lock request listener" [_thread_in_native, id=12811, stack(0x0000700000932000,0x0000700000a32000)]
  0x00007fd5643c3800 JavaThread "pool-1-thread-1" [_thread_blocked, id=21255, stack(0x0000700001353000,0x0000700001453000)]
  0x00007fd565276000 JavaThread "Incoming local TCP Connector on port 62510" [_thread_in_native, id=19715, stack(0x000070000104a000,0x000070000114a000)]
  0x00007fd565000000 JavaThread "Service Thread" daemon [_thread_blocked, id=18691, stack(0x0000700000e44000,0x0000700000f44000)]
=>0x00007fd56405e000 JavaThread "C1 CompilerThread2" daemon [_thread_in_vm, id=18179, stack(0x0000700000d41000,0x0000700000e41000)]
  0x00007fd565004000 JavaThread "C2 CompilerThread1" daemon [_thread_in_native, id=17667, stack(0x0000700000c3e000,0x0000700000d3e000)]
  0x00007fd564075000 JavaThread "C2 CompilerThread0" daemon [_thread_blocked, id=17155, stack(0x0000700000b3b000,0x0000700000c3b000)]
  0x00007fd56405a000 JavaThread "Signal Dispatcher" daemon [_thread_blocked, id=13071, stack(0x0000700000a38000,0x0000700000b38000)]
  0x00007fd565809000 JavaThread "Finalizer" daemon [_thread_blocked, id=12291, stack(0x000070000082f000,0x000070000092f000)]
  0x00007fd565802800 JavaThread "Reference Handler" daemon [_thread_blocked, id=11779, stack(0x000070000072c000,0x000070000082c000)]
  0x00007fd56400a800 JavaThread "main" [_thread_blocked, id=5891, stack(0x000070000011a000,0x000070000021a000)]

Other Threads:
  0x00007fd564050000 VMThread [stack: 0x0000700000629000,0x0000700000729000] [id=11267]
  0x00007fd565819000 WatcherThread [stack: 0x0000700000f47000,0x0000700001047000] [id=19203]

VM state:synchronizing (normal execution)

VM Mutex/Monitor currently owned by a thread:  ([mutex/lock_event])
[0x00007fd563e143e0] Threads_lock - owner thread: 0x00007fd564050000

Heap:
 PSYoungGen      total 141824K, used 82160K [0x00000007a0000000, 0x00000007acc80000, 0x00000007c0000000)
  eden space 131072K, 54% used [0x00000007a0000000,0x00000007a460aec0,0x00000007a8000000)
  from space 10752K, 97% used [0x00000007ac200000,0x00000007acc31220,0x00000007acc80000)
  to   space 16896K, 0% used [0x00000007aab80000,0x00000007aab80000,0x00000007abc00000)
 ParOldGen       total 132096K, used 47898K [0x0000000760000000, 0x0000000768100000, 0x00000007a0000000)
  object space 132096K, 36% used [0x0000000760000000,0x0000000762ec69b0,0x0000000768100000)
 Metaspace       used 74178K, capacity 82037K, committed 82304K, reserved 1122304K
  class space    used 9277K, capacity 10063K, committed 10112K, reserved 1048576K

Card table byte_map: [0x00000001210fe000,0x00000001213ff000] byte_map_base: 0x000000011d5fe000

Marking Bits: (ParMarkBitMap*) 0x0000000111a8bed0
 Begin Bits: [0x00000001215ff000, 0x0000000122dff000)
 End Bits:   [0x0000000122dff000, 0x00000001245ff000)

Polling page: 0x0000000111d2b000

CodeCache: size=245760Kb used=64784Kb max_used=64807Kb free=180975Kb
 bounds [0x0000000111d3e000, 0x0000000115d1e000, 0x0000000120d3e000]
 total_blobs=18934 nmethods=18137 adapters=708
 compilation: enabled

Compilation events (10 events):
Event: 32530.641 Thread 0x00007fd56405e000 nmethod 26643 0x0000000113aff4d0 code [0x0000000113aff640, 0x0000000113aff7c8]
Event: 32530.720 Thread 0x00007fd56405e000 26644       2       sun.security.util.DerOutputStream::write (20 bytes)
Event: 32530.721 Thread 0x00007fd56405e000 nmethod 26644 0x0000000112446ad0 code [0x0000000112446c60, 0x0000000112447028]
Event: 32530.723 Thread 0x00007fd56405e000 26645       1       com.android.apkzlib.zip.CentralDirectoryHeader::getOffset (5 bytes)
Event: 32530.724 Thread 0x00007fd56405e000 nmethod 26645 0x00000001135bdf90 code [0x00000001135be0e0, 0x00000001135be1f0]
Event: 32530.732 Thread 0x00007fd56405e000 26646       2       com.android.apkzlib.zip.utils.MsDosDateTimeUtils::packCurrentTime (14 bytes)
Event: 32530.733 Thread 0x00007fd56405e000 nmethod 26646 0x0000000114d976d0 code [0x0000000114d97840, 0x0000000114d97a58]
Event: 32530.735 Thread 0x00007fd56405e000 26647       2       com.android.apkzlib.zip.utils.MsDosDateTimeUtils::packTime (54 bytes)
Event: 32530.736 Thread 0x00007fd56405e000 nmethod 26647 0x000000011305dc10 code [0x000000011305de00, 0x000000011305e248]
Event: 32530.741 Thread 0x00007fd56405e000 26648       2       com.android.apkzlib.zip.EncodeUtils::encode (29 bytes)

GC Heap History (10 events):
Event: 32179.525 GC heap before
{Heap before GC invocations=41 (full 3):
 PSYoungGen      total 157184K, used 157169K [0x00000007a0000000, 0x00000007af380000, 0x00000007c0000000)
  eden space 153088K, 100% used [0x00000007a0000000,0x00000007a9580000,0x00000007a9580000)
  from space 4096K, 99% used [0x00000007ad300000,0x00000007ad6fc700,0x00000007ad700000)
  to   space 17920K, 0% used [0x00000007ae200000,0x00000007ae200000,0x00000007af380000)
 ParOldGen       total 132096K, used 47454K [0x0000000760000000, 0x0000000768100000, 0x00000007a0000000)
  object space 132096K, 35% used [0x0000000760000000,0x0000000762e579a0,0x0000000768100000)
 Metaspace       used 73955K, capacity 81551K, committed 81792K, reserved 1120256K
  class space    used 9245K, capacity 10029K, committed 10112K, reserved 1048576K
Event: 32179.573 GC heap after
Heap after GC invocations=41 (full 3):
 PSYoungGen      total 151552K, used 2816K [0x00000007a0000000, 0x00000007ae500000, 0x00000007c0000000)
  eden space 148480K, 0% used [0x00000007a0000000,0x00000007a0000000,0x00000007a9100000)
  from space 3072K, 91% used [0x00000007ae200000,0x00000007ae4c0000,0x00000007ae500000)
  to   space 17408K, 0% used [0x00000007ac300000,0x00000007ac300000,0x00000007ad400000)
 ParOldGen       total 132096K, used 47502K [0x0000000760000000, 0x0000000768100000, 0x00000007a0000000)
  object space 132096K, 35% used [0x0000000760000000,0x0000000762e639a0,0x0000000768100000)
 Metaspace       used 73955K, capacity 81551K, committed 81792K, reserved 1120256K
  class space    used 9245K, capacity 10029K, committed 10112K, reserved 1048576K
}
Event: 32180.747 GC heap before
{Heap before GC invocations=42 (full 3):
 PSYoungGen      total 151552K, used 150448K [0x00000007a0000000, 0x00000007ae500000, 0x00000007c0000000)
  eden space 148480K, 99% used [0x00000007a0000000,0x00000007a902c278,0x00000007a9100000)
  from space 3072K, 91% used [0x00000007ae200000,0x00000007ae4c0000,0x00000007ae500000)
  to   space 17408K, 0% used [0x00000007ac300000,0x00000007ac300000,0x00000007ad400000)
 ParOldGen       total 132096K, used 47502K [0x0000000760000000, 0x0000000768100000, 0x00000007a0000000)
  object space 132096K, 35% used [0x0000000760000000,0x0000000762e639a0,0x0000000768100000)
 Metaspace       used 74017K, capacity 81703K, committed 81792K, reserved 1120256K
  class space    used 9253K, capacity 10037K, committed 10112K, reserved 1048576K
Event: 32180.784 GC heap after
Heap after GC invocations=42 (full 3):
 PSYoungGen      total 152576K, used 8637K [0x00000007a0000000, 0x00000007ae280000, 0x00000007c0000000)
  eden space 143872K, 0% used [0x00000007a0000000,0x00000007a0000000,0x00000007a8c80000)
  from space 8704K, 99% used [0x00000007ac300000,0x00000007acb6f5e0,0x00000007acb80000)
  to   space 17408K, 0% used [0x00000007ad180000,0x00000007ad180000,0x00000007ae280000)
 ParOldGen       total 132096K, used 47582K [0x0000000760000000, 0x0000000768100000, 0x00000007a0000000)
  object space 132096K, 36% used [0x0000000760000000,0x0000000762e779a0,0x0000000768100000)
 Metaspace       used 74017K, capacity 81703K, committed 81792K, reserved 1120256K
  class space    used 9253K, capacity 10037K, committed 10112K, reserved 1048576K
}
Event: 32323.313 GC heap before
{Heap before GC invocations=43 (full 3):
 PSYoungGen      total 152576K, used 152509K [0x00000007a0000000, 0x00000007ae280000, 0x00000007c0000000)
  eden space 143872K, 100% used [0x00000007a0000000,0x00000007a8c80000,0x00000007a8c80000)
  from space 8704K, 99% used [0x00000007ac300000,0x00000007acb6f5e0,0x00000007acb80000)
  to   space 17408K, 0% used [0x00000007ad180000,0x00000007ad180000,0x00000007ae280000)
 ParOldGen       total 132096K, used 47582K [0x0000000760000000, 0x0000000768100000, 0x00000007a0000000)
  object space 132096K, 36% used [0x0000000760000000,0x0000000762e779a0,0x0000000768100000)
 Metaspace       used 74063K, capacity 81791K, committed 82048K, reserved 1122304K
  class space    used 9261K, capacity 10045K, committed 10112K, reserved 1048576K
Event: 32323.359 GC heap after
Heap after GC invocations=43 (full 3):
 PSYoungGen      total 150016K, used 10615K [0x00000007a0000000, 0x00000007adc00000, 0x00000007c0000000)
  eden space 139264K, 0% used [0x00000007a0000000,0x00000007a0000000,0x00000007a8800000)
  from space 10752K, 98% used [0x00000007ad180000,0x00000007adbddec0,0x00000007adc00000)
  to   space 17408K, 0% used [0x00000007aba00000,0x00000007aba00000,0x00000007acb00000)
 ParOldGen       total 132096K, used 47686K [0x0000000760000000, 0x0000000768100000, 0x00000007a0000000)
  object space 132096K, 36% used [0x0000000760000000,0x0000000762e919a0,0x0000000768100000)
 Metaspace       used 74063K, capacity 81791K, committed 82048K, reserved 1122304K
  class space    used 9261K, capacity 10045K, committed 10112K, reserved 1048576K
}
Event: 32520.346 GC heap before
{Heap before GC invocations=44 (full 3):
 PSYoungGen      total 150016K, used 149879K [0x00000007a0000000, 0x00000007adc00000, 0x00000007c0000000)
  eden space 139264K, 100% used [0x00000007a0000000,0x00000007a8800000,0x00000007a8800000)
  from space 10752K, 98% used [0x00000007ad180000,0x00000007adbddec0,0x00000007adc00000)
  to   space 17408K, 0% used [0x00000007aba00000,0x00000007aba00000,0x00000007acb00000)
 ParOldGen       total 132096K, used 47686K [0x0000000760000000, 0x0000000768100000, 0x00000007a0000000)
  object space 132096K, 36% used [0x0000000760000000,0x0000000762e919a0,0x0000000768100000)
 Metaspace       used 74119K, capacity 81943K, committed 82048K, reserved 1122304K
  class space    used 9269K, capacity 10053K, committed 10112K, reserved 1048576K
Event: 32520.372 GC heap after
Heap after GC invocations=44 (full 3):
 PSYoungGen      total 143360K, used 7969K [0x00000007a0000000, 0x00000007ad200000, 0x00000007c0000000)
  eden space 135168K, 0% used [0x00000007a0000000,0x00000007a0000000,0x00000007a8400000)
  from space 8192K, 97% used [0x00000007aba00000,0x00000007ac1c8698,0x00000007ac200000)
  to   space 16384K, 0% used [0x00000007ac200000,0x00000007ac200000,0x00000007ad200000)
 ParOldGen       total 132096K, used 47822K [0x0000000760000000, 0x0000000768100000, 0x00000007a0000000)
  object space 132096K, 36% used [0x0000000760000000,0x0000000762eb39a0,0x0000000768100000)
 Metaspace       used 74119K, capacity 81943K, committed 82048K, reserved 1122304K
  class space    used 9269K, capacity 10053K, committed 10112K, reserved 1048576K
}
Event: 32530.250 GC heap before
{Heap before GC invocations=45 (full 3):
 PSYoungGen      total 143360K, used 143137K [0x00000007a0000000, 0x00000007ad200000, 0x00000007c0000000)
  eden space 135168K, 100% used [0x00000007a0000000,0x00000007a8400000,0x00000007a8400000)
  from space 8192K, 97% used [0x00000007aba00000,0x00000007ac1c8698,0x00000007ac200000)
  to   space 16384K, 0% used [0x00000007ac200000,0x00000007ac200000,0x00000007ad200000)
 ParOldGen       total 132096K, used 47822K [0x0000000760000000, 0x0000000768100000, 0x00000007a0000000)
  object space 132096K, 36% used [0x0000000760000000,0x0000000762eb39a0,0x0000000768100000)
 Metaspace       used 74167K, capacity 82037K, committed 82304K, reserved 1122304K
  class space    used 9277K, capacity 10063K, committed 10112K, reserved 1048576K
Event: 32530.270 GC heap after
Heap after GC invocations=45 (full 3):
 PSYoungGen      total 141824K, used 10436K [0x00000007a0000000, 0x00000007acc80000, 0x00000007c0000000)
  eden space 131072K, 0% used [0x00000007a0000000,0x00000007a0000000,0x00000007a8000000)
  from space 10752K, 97% used [0x00000007ac200000,0x00000007acc31220,0x00000007acc80000)
  to   space 16896K, 0% used [0x00000007aab80000,0x00000007aab80000,0x00000007abc00000)
 ParOldGen       total 132096K, used 47898K [0x0000000760000000, 0x0000000768100000, 0x00000007a0000000)
  object space 132096K, 36% used [0x0000000760000000,0x0000000762ec69b0,0x0000000768100000)
 Metaspace       used 74167K, capacity 82037K, committed 82304K, reserved 1122304K
  class space    used 9277K, capacity 10063K, committed 10112K, reserved 1048576K
}

Deoptimization events (10 events):
Event: 31108.529 Thread 0x00007fd56955c800 Uncommon trap: reason=bimorphic action=maybe_recompile pc=0x0000000115b26e58 method=com.android.build.gradle.internal.TaskContainerAdaptor.named(Ljava/lang/String;Lorg/gradle/api/Action;)V @ 11
Event: 31108.605 Thread 0x00007fd56955c800 Uncommon trap: reason=bimorphic action=maybe_recompile pc=0x0000000115b26e58 method=com.android.build.gradle.internal.TaskContainerAdaptor.named(Ljava/lang/String;Lorg/gradle/api/Action;)V @ 11
Event: 31108.605 Thread 0x00007fd56955c800 Uncommon trap: reason=bimorphic action=maybe_recompile pc=0x0000000115b26e58 method=com.android.build.gradle.internal.TaskContainerAdaptor.named(Ljava/lang/String;Lorg/gradle/api/Action;)V @ 11
Event: 31108.605 Thread 0x00007fd56955c800 Uncommon trap: reason=bimorphic action=maybe_recompile pc=0x0000000115b26e58 method=com.android.build.gradle.internal.TaskContainerAdaptor.named(Ljava/lang/String;Lorg/gradle/api/Action;)V @ 11
Event: 31751.946 Thread 0x00007fd56a127800 Uncommon trap: reason=null_check action=make_not_entrant pc=0x0000000113f2d8e8 method=org.apache.tools.ant.PropertyHelper.add(Lorg/apache/tools/ant/PropertyHelper$Delegate;)V @ 46
Event: 32180.414 Thread 0x00007fd56a08f000 Uncommon trap: reason=range_check action=make_not_entrant pc=0x000000011543a0ac method=java.lang.String.charAt(I)C @ 27
Event: 32180.552 Thread 0x00007fd564456000 Uncommon trap: reason=bimorphic action=maybe_recompile pc=0x0000000114e89e04 method=java.util.concurrent.locks.AbstractQueuedSynchronizer.acquireQueued(Ljava/util/concurrent/locks/AbstractQueuedSynchronizer$Node;I)Z @ 22
Event: 32520.556 Thread 0x00007fd564fab800 Uncommon trap: reason=unstable_if action=reinterpret pc=0x0000000115ca3bf0 method=com.android.dx.rop.type.Type.isReference()Z @ 6
Event: 32520.558 Thread 0x00007fd564fab800 Uncommon trap: reason=unstable_if action=reinterpret pc=0x0000000115c2a5b0 method=com.android.dx.rop.type.Type.isReference()Z @ 6
Event: 32530.008 Thread 0x00007fd567cd5800 Uncommon trap: reason=unstable_if action=reinterpret pc=0x0000000115cdde14 method=com.google.wireless.android.sdk.stats.GarbageCollectionStats$Builder.maybeForceBuilderInitialization()V @ 3

Internal exceptions (10 events):
Event: 32323.594 Thread 0x00007fd56692a800 Exception <a 'sun/nio/fs/UnixException'> (0x00000007a1e2cae8) thrown at [/Volumes/Android_AOSP/AOSP-openjdk/external/jetbrains/jdk/hotspot/src/share/vm/prims/jni.cpp, line 709]
Event: 32351.434 Thread 0x00007fd5684d2000 Exception <a 'sun/nio/fs/UnixException'> (0x00000007a20220d0) thrown at [/Volumes/Android_AOSP/AOSP-openjdk/external/jetbrains/jdk/hotspot/src/share/vm/prims/jni.cpp, line 709]
Event: 32507.524 Thread 0x00007fd5684d2000 Exception <a 'sun/nio/fs/UnixException'> (0x00000007a21bc5c0) thrown at [/Volumes/Android_AOSP/AOSP-openjdk/external/jetbrains/jdk/hotspot/src/share/vm/prims/jni.cpp, line 709]
Event: 32519.026 Thread 0x00007fd567cd5800 Exception <a 'java/lang/ClassNotFoundException': asLocalRepo160_acv054n13h4tyzvlgfuqi1axiBeanInfo> (0x00000007a24b50e0) thrown at [/Volumes/Android_AOSP/AOSP-openjdk/external/jetbrains/jdk/hotspot/src/share/vm/classfile/systemDictionary.cpp, line 210]
Event: 32519.027 Thread 0x00007fd567cd5800 Exception <a 'java/lang/ClassNotFoundException': asLocalRepo160_acv054n13h4tyzvlgfuqi1axiCustomizer> (0x00000007a24c2500) thrown at [/Volumes/Android_AOSP/AOSP-openjdk/external/jetbrains/jdk/hotspot/src/share/vm/classfile/systemDictionary.cpp, line 210]
Event: 32519.281 Thread 0x00007fd567cd5800 Exception <a 'sun/nio/fs/UnixException'> (0x00000007a4a46a00) thrown at [/Volumes/Android_AOSP/AOSP-openjdk/external/jetbrains/jdk/hotspot/src/share/vm/prims/jni.cpp, line 709]
Event: 32520.775 Thread 0x00007fd567cd5800 Exception <a 'sun/nio/fs/UnixException'> (0x00000007a3632020) thrown at [/Volumes/Android_AOSP/AOSP-openjdk/external/jetbrains/jdk/hotspot/src/share/vm/prims/jni.cpp, line 709]
Event: 32529.819 Thread 0x00007fd567cd5800 Exception <a 'java/lang/ClassNotFoundException': asLocalRepo1341_c1p794jcibogdaaxlxtcahyhlBeanInfo> (0x00000007a3992028) thrown at [/Volumes/Android_AOSP/AOSP-openjdk/external/jetbrains/jdk/hotspot/src/share/vm/classfile/systemDictionary.cpp, line 210]
Event: 32529.819 Thread 0x00007fd567cd5800 Exception <a 'java/lang/ClassNotFoundException': asLocalRepo1341_c1p794jcibogdaaxlxtcahyhlCustomizer> (0x00000007a399fca8) thrown at [/Volumes/Android_AOSP/AOSP-openjdk/external/jetbrains/jdk/hotspot/src/share/vm/classfile/systemDictionary.cpp, line 210]
Event: 32530.007 Thread 0x00007fd567cd5800 Exception <a 'sun/nio/fs/UnixException'> (0x00000007a5f0ee50) thrown at [/Volumes/Android_AOSP/AOSP-openjdk/external/jetbrains/jdk/hotspot/src/share/vm/prims/jni.cpp, line 709]

Events (10 events):
Event: 32530.733 Executing VM operation: RevokeBias done
Event: 32530.737 Executing VM operation: BulkRevokeBias
Event: 32530.737 Executing VM operation: BulkRevokeBias done
Event: 32530.738 Executing VM operation: RevokeBias
Event: 32530.738 Executing VM operation: RevokeBias done
Event: 32530.739 Executing VM operation: RevokeBias
Event: 32530.740 Executing VM operation: RevokeBias done
Event: 32530.741 Executing VM operation: RevokeBias
Event: 32530.742 Executing VM operation: RevokeBias done
Event: 32530.743 Executing VM operation: RevokeBias


Dynamic libraries:
0x00000000049ac000 	/System/Library/Frameworks/Cocoa.framework/Versions/A/Cocoa
0x000000010ff03000 	/System/Library/Frameworks/Security.framework/Versions/A/Security
0x00000000049ac000 	/System/Library/Frameworks/ApplicationServices.framework/Versions/A/ApplicationServices
0x00000000049ac000 	/usr/lib/libz.1.dylib
0x00000000049ac000 	/usr/lib/libSystem.B.dylib
0x00000000049ac000 	/usr/lib/libobjc.A.dylib
0x00000000049ac000 	/System/Library/Frameworks/Foundation.framework/Versions/C/Foundation
0x00000000049ac000 	/System/Library/Frameworks/CoreFoundation.framework/Versions/A/CoreFoundation
0x00000000049ac000 	/System/Library/Frameworks/AppKit.framework/Versions/C/AppKit
0x00000000049ac000 	/System/Library/Frameworks/CoreData.framework/Versions/A/CoreData
0x00000000049ac000 	/System/Library/PrivateFrameworks/RemoteViewServices.framework/Versions/A/RemoteViewServices
0x00000000049ac000 	/System/Library/PrivateFrameworks/UIFoundation.framework/Versions/A/UIFoundation
0x00000000049ac000 	/usr/lib/libScreenReader.dylib
0x00000000049ac000 	/System/Library/Frameworks/Accelerate.framework/Versions/A/Accelerate
0x00000000049ac000 	/System/Library/Frameworks/IOSurface.framework/Versions/A/IOSurface
0x00000000049ac000 	/System/Library/Frameworks/AudioToolbox.framework/Versions/A/AudioToolbox
0x00000000049ac000 	/System/Library/Frameworks/AudioUnit.framework/Versions/A/AudioUnit
0x00000000049ac000 	/System/Library/PrivateFrameworks/DataDetectorsCore.framework/Versions/A/DataDetectorsCore
0x00000000049ac000 	/System/Library/PrivateFrameworks/DesktopServicesPriv.framework/Versions/A/DesktopServicesPriv
0x00000000049ac000 	/System/Library/Frameworks/Carbon.framework/Versions/A/Frameworks/HIToolbox.framework/Versions/A/HIToolbox
0x00000000049ac000 	/System/Library/Frameworks/QuartzCore.framework/Versions/A/QuartzCore
0x00000000049ac000 	/System/Library/Frameworks/Carbon.framework/Versions/A/Frameworks/SpeechRecognition.framework/Versions/A/SpeechRecognition
0x00000000049ac000 	/usr/lib/libauto.dylib
0x00000000049ac000 	/usr/lib/libicucore.A.dylib
0x00000000049ac000 	/usr/lib/libxml2.2.dylib
0x00000000049ac000 	/System/Library/PrivateFrameworks/CoreUI.framework/Versions/A/CoreUI
0x00000000049ac000 	/System/Library/Frameworks/CoreAudio.framework/Versions/A/CoreAudio
0x00000000049ac000 	/System/Library/Frameworks/DiskArbitration.framework/Versions/A/DiskArbitration
0x00000000049ac000 	/usr/lib/liblangid.dylib
0x00000000049ac000 	/System/Library/PrivateFrameworks/MultitouchSupport.framework/Versions/A/MultitouchSupport
0x00000000049ac000 	/System/Library/Frameworks/IOKit.framework/Versions/A/IOKit
0x00000000049ac000 	/usr/lib/libDiagnosticMessagesClient.dylib
0x00000000049ac000 	/System/Library/Frameworks/CoreServices.framework/Versions/A/CoreServices
0x00000000049ac000 	/System/Library/PrivateFrameworks/PerformanceAnalysis.framework/Versions/A/PerformanceAnalysis
0x00000000049ac000 	/System/Library/PrivateFrameworks/GenerationalStorage.framework/Versions/A/GenerationalStorage
0x00000000049ac000 	/System/Library/Frameworks/OpenGL.framework/Versions/A/OpenGL
0x00000000049ac000 	/System/Library/PrivateFrameworks/Sharing.framework/Versions/A/Sharing
0x00000000049ac000 	/System/Library/Frameworks/CoreGraphics.framework/Versions/A/CoreGraphics
0x00000000049ac000 	/System/Library/Frameworks/CoreImage.framework/Versions/A/CoreImage
0x00000000049ac000 	/System/Library/Frameworks/CoreText.framework/Versions/A/CoreText
0x00000000049ac000 	/System/Library/Frameworks/ImageIO.framework/Versions/A/ImageIO
0x00000000049ac000 	/System/Library/PrivateFrameworks/Backup.framework/Versions/A/Backup
0x00000000049ac000 	/usr/lib/libextension.dylib
0x00000000049ac000 	/usr/lib/libarchive.2.dylib
0x000000011031f000 	/System/Library/Frameworks/CFNetwork.framework/Versions/A/CFNetwork
0x00000000049ac000 	/System/Library/Frameworks/SystemConfiguration.framework/Versions/A/SystemConfiguration
0x00000000049ac000 	/usr/lib/libCRFSuite.dylib
0x00000000049ac000 	/usr/lib/libc++.1.dylib
0x00000000049ac000 	/usr/lib/libc++abi.dylib
0x00000000049ac000 	/usr/lib/system/libcache.dylib
0x00000000049ac000 	/usr/lib/system/libcommonCrypto.dylib
0x00000000049ac000 	/usr/lib/system/libcompiler_rt.dylib
0x00000000049ac000 	/usr/lib/system/libcopyfile.dylib
0x00000000049ac000 	/usr/lib/system/libcorecrypto.dylib
0x00000000049ac000 	/usr/lib/system/libdispatch.dylib
0x00000000049ac000 	/usr/lib/system/libdyld.dylib
0x00000000049ac000 	/usr/lib/system/libkeymgr.dylib
0x00000000049ac000 	/usr/lib/system/liblaunch.dylib
0x00000000049ac000 	/usr/lib/system/libmacho.dylib
0x00000000049ac000 	/usr/lib/system/libquarantine.dylib
0x00000000049ac000 	/usr/lib/system/libremovefile.dylib
0x00000000049ac000 	/usr/lib/system/libsystem_asl.dylib
0x00000000049ac000 	/usr/lib/system/libsystem_blocks.dylib
0x00000000049ac000 	/usr/lib/system/libsystem_c.dylib
0x00000000049ac000 	/usr/lib/system/libsystem_configuration.dylib
0x00000000049ac000 	/usr/lib/system/libsystem_coreservices.dylib
0x00000000049ac000 	/usr/lib/system/libsystem_coretls.dylib
0x00000000049ac000 	/usr/lib/system/libsystem_dnssd.dylib
0x00000000049ac000 	/usr/lib/system/libsystem_info.dylib
0x00000000049ac000 	/usr/lib/system/libsystem_kernel.dylib
0x00000000049ac000 	/usr/lib/system/libsystem_m.dylib
0x00000000049ac000 	/usr/lib/system/libsystem_malloc.dylib
0x00000000049ac000 	/usr/lib/system/libsystem_network.dylib
0x00000000049ac000 	/usr/lib/system/libsystem_networkextension.dylib
0x00000000049ac000 	/usr/lib/system/libsystem_notify.dylib
0x00000000049ac000 	/usr/lib/system/libsystem_platform.dylib
0x00000000049ac000 	/usr/lib/system/libsystem_pthread.dylib
0x00000000049ac000 	/usr/lib/system/libsystem_sandbox.dylib
0x00000000049ac000 	/usr/lib/system/libsystem_secinit.dylib
0x00000000049ac000 	/usr/lib/system/libsystem_trace.dylib
0x00000000049ac000 	/usr/lib/system/libunc.dylib
0x00000000049ac000 	/usr/lib/system/libunwind.dylib
0x00000000049ac000 	/usr/lib/system/libxpc.dylib
0x00000000049ac000 	/usr/lib/libenergytrace.dylib
0x00000000049ac000 	/usr/lib/libbsm.0.dylib
0x00000000049ac000 	/usr/lib/system/libkxld.dylib
0x00000000049ac000 	/usr/lib/libxar.1.dylib
0x00000000049ac000 	/usr/lib/libsqlite3.dylib
0x00000000049ac000 	/usr/lib/libpam.2.dylib
0x00000000049ac000 	/usr/lib/libOpenScriptingUtil.dylib
0x00000000049ac000 	/usr/lib/libbz2.1.0.dylib
0x00000000049ac000 	/usr/lib/liblzma.5.dylib
0x00000000049ac000 	/System/Library/Frameworks/CoreServices.framework/Versions/A/Frameworks/FSEvents.framework/Versions/A/FSEvents
0x00000000049ac000 	/System/Library/Frameworks/CoreServices.framework/Versions/A/Frameworks/CarbonCore.framework/Versions/A/CarbonCore
0x00000000049ac000 	/System/Library/Frameworks/CoreServices.framework/Versions/A/Frameworks/Metadata.framework/Versions/A/Metadata
0x00000000049ac000 	/System/Library/Frameworks/CoreServices.framework/Versions/A/Frameworks/OSServices.framework/Versions/A/OSServices
0x00000000049ac000 	/System/Library/Frameworks/CoreServices.framework/Versions/A/Frameworks/SearchKit.framework/Versions/A/SearchKit
0x00000000049ac000 	/System/Library/Frameworks/CoreServices.framework/Versions/A/Frameworks/AE.framework/Versions/A/AE
0x00000000049ac000 	/System/Library/Frameworks/CoreServices.framework/Versions/A/Frameworks/LaunchServices.framework/Versions/A/LaunchServices
0x00000000049ac000 	/System/Library/Frameworks/CoreServices.framework/Versions/A/Frameworks/DictionaryServices.framework/Versions/A/DictionaryServices
0x00000000049ac000 	/System/Library/Frameworks/CoreServices.framework/Versions/A/Frameworks/SharedFileList.framework/Versions/A/SharedFileList
0x00000000049ac000 	/System/Library/Frameworks/NetFS.framework/Versions/A/NetFS
0x00000000049ac000 	/System/Library/PrivateFrameworks/NetAuth.framework/Versions/A/NetAuth
0x00000000049ac000 	/System/Library/PrivateFrameworks/login.framework/Versions/A/Frameworks/loginsupport.framework/Versions/A/loginsupport
0x00000000049ac000 	/System/Library/PrivateFrameworks/TCC.framework/Versions/A/TCC
0x00000000049ac000 	/usr/lib/libmecabra.dylib
0x00000000049ac000 	/System/Library/Frameworks/ApplicationServices.framework/Versions/A/Frameworks/ATS.framework/Versions/A/ATS
0x00000000049ac000 	/System/Library/Frameworks/ApplicationServices.framework/Versions/A/Frameworks/ColorSync.framework/Versions/A/ColorSync
0x00000000049ac000 	/System/Library/Frameworks/ApplicationServices.framework/Versions/A/Frameworks/HIServices.framework/Versions/A/HIServices
0x00000000049ac000 	/System/Library/Frameworks/ApplicationServices.framework/Versions/A/Frameworks/LangAnalysis.framework/Versions/A/LangAnalysis
0x00000000049ac000 	/System/Library/Frameworks/ApplicationServices.framework/Versions/A/Frameworks/PrintCore.framework/Versions/A/PrintCore
0x00000000049ac000 	/System/Library/Frameworks/ApplicationServices.framework/Versions/A/Frameworks/QD.framework/Versions/A/QD
0x00000000049ac000 	/System/Library/Frameworks/ApplicationServices.framework/Versions/A/Frameworks/SpeechSynthesis.framework/Versions/A/SpeechSynthesis
0x00000000049ac000 	/System/Library/Frameworks/Metal.framework/Versions/A/Metal
0x00000000049ac000 	/System/Library/Frameworks/Accelerate.framework/Versions/A/Frameworks/vImage.framework/Versions/A/vImage
0x00000000049ac000 	/System/Library/Frameworks/Accelerate.framework/Versions/A/Frameworks/vecLib.framework/Versions/A/vecLib
0x00000000049ac000 	/System/Library/Frameworks/Accelerate.framework/Versions/A/Frameworks/vecLib.framework/Versions/A/libvDSP.dylib
0x00000000049ac000 	/System/Library/Frameworks/Accelerate.framework/Versions/A/Frameworks/vecLib.framework/Versions/A/libvMisc.dylib
0x00000000049ac000 	/System/Library/Frameworks/Accelerate.framework/Versions/A/Frameworks/vecLib.framework/Versions/A/libLAPACK.dylib
0x00000000049ac000 	/System/Library/Frameworks/Accelerate.framework/Versions/A/Frameworks/vecLib.framework/Versions/A/libBLAS.dylib
0x00000000049ac000 	/System/Library/Frameworks/Accelerate.framework/Versions/A/Frameworks/vecLib.framework/Versions/A/libLinearAlgebra.dylib
0x00000000049ac000 	/System/Library/Frameworks/Accelerate.framework/Versions/A/Frameworks/vecLib.framework/Versions/A/libSparseBLAS.dylib
0x00000000049ac000 	/System/Library/PrivateFrameworks/GPUCompiler.framework/libmetal_timestamp.dylib
0x00000000049ac000 	/System/Library/Frameworks/OpenGL.framework/Versions/A/Libraries/libCoreFSCache.dylib
0x00000000049ac000 	/System/Library/PrivateFrameworks/IOAccelerator.framework/Versions/A/IOAccelerator
0x00000000049ac000 	/System/Library/Frameworks/ApplicationServices.framework/Versions/A/Frameworks/ATS.framework/Versions/A/Resources/libFontParser.dylib
0x00000000049ac000 	/System/Library/Frameworks/ApplicationServices.framework/Versions/A/Frameworks/ATS.framework/Versions/A/Resources/libFontRegistry.dylib
0x00000000049ac000 	/System/Library/PrivateFrameworks/AppleVPA.framework/Versions/A/AppleVPA
0x00000000049ac000 	/System/Library/PrivateFrameworks/AppleJPEG.framework/Versions/A/AppleJPEG
0x00000000049ac000 	/System/Library/Frameworks/ImageIO.framework/Versions/A/Resources/libJPEG.dylib
0x00000000049ac000 	/System/Library/Frameworks/ImageIO.framework/Versions/A/Resources/libTIFF.dylib
0x00000000049ac000 	/System/Library/Frameworks/ImageIO.framework/Versions/A/Resources/libPng.dylib
0x00000000049ac000 	/System/Library/Frameworks/ImageIO.framework/Versions/A/Resources/libGIF.dylib
0x00000000049ac000 	/System/Library/Frameworks/ImageIO.framework/Versions/A/Resources/libJP2.dylib
0x00000000049ac000 	/System/Library/Frameworks/ImageIO.framework/Versions/A/Resources/libRadiance.dylib
0x00000000049ac000 	/System/Library/Frameworks/CoreVideo.framework/Versions/A/CoreVideo
0x00000000049ac000 	/System/Library/Frameworks/OpenGL.framework/Versions/A/Libraries/libGLU.dylib
0x00000000049ac000 	/System/Library/Frameworks/OpenGL.framework/Versions/A/Libraries/libGFXShared.dylib
0x00000000049ac000 	/System/Library/Frameworks/OpenGL.framework/Versions/A/Libraries/libGL.dylib
0x00000000049ac000 	/System/Library/Frameworks/OpenGL.framework/Versions/A/Libraries/libGLImage.dylib
0x00000000049ac000 	/System/Library/Frameworks/OpenGL.framework/Versions/A/Libraries/libCVMSPluginSupport.dylib
0x00000000049ac000 	/System/Library/Frameworks/OpenGL.framework/Versions/A/Libraries/libCoreVMClient.dylib
0x00000000049ac000 	/usr/lib/libcompression.dylib
0x00000000049ac000 	/usr/lib/libcups.2.dylib
0x00000000049ac000 	/System/Library/Frameworks/Kerberos.framework/Versions/A/Kerberos
0x00000000049ac000 	/System/Library/Frameworks/GSS.framework/Versions/A/GSS
0x00000000049ac000 	/usr/lib/libresolv.9.dylib
0x00000000049ac000 	/usr/lib/libiconv.2.dylib
0x00000000049ac000 	/System/Library/PrivateFrameworks/Heimdal.framework/Versions/A/Heimdal
0x00000000049ac000 	/usr/lib/libheimdal-asn1.dylib
0x00000000049ac000 	/System/Library/Frameworks/OpenDirectory.framework/Versions/A/OpenDirectory
0x00000000049ac000 	/System/Library/PrivateFrameworks/CommonAuth.framework/Versions/A/CommonAuth
0x00000000049ac000 	/System/Library/Frameworks/OpenDirectory.framework/Versions/A/Frameworks/CFOpenDirectory.framework/Versions/A/CFOpenDirectory
0x00000000049ac000 	/System/Library/Frameworks/SecurityFoundation.framework/Versions/A/SecurityFoundation
0x00000000049ac000 	/System/Library/PrivateFrameworks/LanguageModeling.framework/Versions/A/LanguageModeling
0x00000000049ac000 	/usr/lib/libmarisa.dylib
0x00000000049ac000 	/usr/lib/libChineseTokenizer.dylib
0x00000000049ac000 	/usr/lib/libcmph.dylib
0x00000000049ac000 	/System/Library/Frameworks/ServiceManagement.framework/Versions/A/ServiceManagement
0x00000000049ac000 	/usr/lib/libxslt.1.dylib
0x00000000049ac000 	/System/Library/Frameworks/Carbon.framework/Versions/A/Frameworks/Ink.framework/Versions/A/Ink
0x00000000049ac000 	/usr/lib/libFosl_dynamic.dylib
0x00000000049ac000 	/System/Library/PrivateFrameworks/FaceCore.framework/Versions/A/FaceCore
0x00000000049ac000 	/System/Library/Frameworks/OpenCL.framework/Versions/A/OpenCL
0x00000000049ac000 	/System/Library/PrivateFrameworks/CrashReporterSupport.framework/Versions/A/CrashReporterSupport
0x00000000049ac000 	/System/Library/PrivateFrameworks/IconServices.framework/Versions/A/IconServices
0x00000000049ac000 	/System/Library/PrivateFrameworks/Apple80211.framework/Versions/A/Apple80211
0x00000000049ac000 	/System/Library/Frameworks/CoreWLAN.framework/Versions/A/CoreWLAN
0x00000000049ac000 	/System/Library/Frameworks/IOBluetooth.framework/Versions/A/IOBluetooth
0x00000000049ac000 	/System/Library/PrivateFrameworks/CoreWiFi.framework/Versions/A/CoreWiFi
0x00000000049ac000 	/System/Library/Frameworks/CoreBluetooth.framework/Versions/A/CoreBluetooth
0x00000000049ac000 	/System/Library/PrivateFrameworks/ChunkingLibrary.framework/Versions/A/ChunkingLibrary
0x00000000049ac000 	/System/Library/PrivateFrameworks/DebugSymbols.framework/Versions/A/DebugSymbols
0x00000000049ac000 	/System/Library/PrivateFrameworks/CoreSymbolication.framework/Versions/A/CoreSymbolication
0x00000000049ac000 	/System/Library/PrivateFrameworks/Symbolication.framework/Versions/A/Symbolication
0x00000000049ac000 	/System/Library/PrivateFrameworks/SpeechRecognitionCore.framework/Versions/A/SpeechRecognitionCore
0x0000000111200000 	/Applications/Android Studio.app/Contents/jre/jdk/Contents/Home/jre/lib/server/libjvm.dylib
0x00000000049ac000 	/usr/lib/libstdc++.6.dylib
0x00000001109f3000 	/Applications/Android Studio.app/Contents/jre/jdk/Contents/Home/jre/lib/libverify.dylib
0x0000000111cf6000 	/Applications/Android Studio.app/Contents/jre/jdk/Contents/Home/jre/lib/libjava.dylib
0x0000000111d35000 	/Applications/Android Studio.app/Contents/jre/jdk/Contents/Home/jre/lib/libzip.dylib
0x00000001263e2000 	/System/Library/Frameworks/JavaVM.framework/Frameworks/JavaRuntimeSupport.framework/JavaRuntimeSupport
0x00000001263fd000 	/System/Library/Frameworks/JavaVM.framework/Versions/A/Frameworks/JavaNativeFoundation.framework/Versions/A/JavaNativeFoundation
0x0000000126412000 	/System/Library/Frameworks/JavaVM.framework/Versions/A/JavaVM
0x00000000049ac000 	/System/Library/Frameworks/Carbon.framework/Versions/A/Carbon
0x000000012641f000 	/System/Library/PrivateFrameworks/JavaLaunching.framework/Versions/A/JavaLaunching
0x00000000049ac000 	/System/Library/Frameworks/Carbon.framework/Versions/A/Frameworks/CommonPanels.framework/Versions/A/CommonPanels
0x00000000049ac000 	/System/Library/Frameworks/Carbon.framework/Versions/A/Frameworks/Help.framework/Versions/A/Help
0x00000000049ac000 	/System/Library/Frameworks/Carbon.framework/Versions/A/Frameworks/ImageCapture.framework/Versions/A/ImageCapture
0x00000000049ac000 	/System/Library/Frameworks/Carbon.framework/Versions/A/Frameworks/OpenScripting.framework/Versions/A/OpenScripting
0x00000000049ac000 	/System/Library/Frameworks/Carbon.framework/Versions/A/Frameworks/Print.framework/Versions/A/Print
0x00000000049ac000 	/System/Library/Frameworks/Carbon.framework/Versions/A/Frameworks/SecurityHI.framework/Versions/A/SecurityHI
0x0000000128408000 	/Applications/Android Studio.app/Contents/jre/jdk/Contents/Home/jre/lib/libnet.dylib
0x0000000128467000 	/Applications/Android Studio.app/Contents/jre/jdk/Contents/Home/jre/lib/libnio.dylib
0x0000000128477000 	/Users/hafskolt/.gradle/native/23/osx-amd64/libnative-platform.dylib
0x00000001287af000 	/Applications/Android Studio.app/Contents/jre/jdk/Contents/Home/jre/lib/libmanagement.dylib
0x00000001283a8000 	/Applications/Android Studio.app/Contents/jre/jdk/Contents/Home/jre/lib/libsunec.dylib

VM Arguments:
jvm_args: -Xmx1536m -Dfile.encoding=UTF-8 -Duser.country=US -Duser.language=en -Duser.variant 
java_command: org.gradle.launcher.daemon.bootstrap.GradleDaemon 3.3
java_class_path (initial): /Users/hafskolt/.gradle/wrapper/dists/gradle-3.3-all/55gk2rcmfc6p2dg9u9ohc3hw9/gradle-3.3/lib/gradle-launcher-3.3.jar
Launcher Type: SUN_STANDARD

Environment Variables:
PATH=/usr/bin:/bin:/usr/sbin:/sbin
SHELL=/bin/bash

Signal Handlers:
SIGSEGV: [libjvm.dylib+0x57e9cd], sa_mask[0]=11111111011111110111111111111111, sa_flags=SA_ONSTACK|SA_RESTART|SA_SIGINFO
SIGBUS: [libjvm.dylib+0x57e9cd], sa_mask[0]=11111111011111110111111111111111, sa_flags=SA_RESTART|SA_SIGINFO
SIGFPE: [libjvm.dylib+0x45951c], sa_mask[0]=11111111011111110111111111111111, sa_flags=SA_RESTART|SA_SIGINFO
SIGPIPE: [libjvm.dylib+0x45951c], sa_mask[0]=11111111011111110111111111111111, sa_flags=SA_RESTART|SA_SIGINFO
SIGXFSZ: [libjvm.dylib+0x45951c], sa_mask[0]=11111111011111110111111111111111, sa_flags=SA_RESTART|SA_SIGINFO
SIGILL: [libjvm.dylib+0x45951c], sa_mask[0]=11111111011111110111111111111111, sa_flags=SA_RESTART|SA_SIGINFO
SIGUSR1: SIG_DFL, sa_mask[0]=00000000000000000000000000000000, sa_flags=none
SIGUSR2: [libjvm.dylib+0x45903a], sa_mask[0]=00100000000000000000000000000000, sa_flags=SA_RESTART|SA_SIGINFO
SIGHUP: [libjvm.dylib+0x457611], sa_mask[0]=11111111011111110111111111111111, sa_flags=SA_RESTART|SA_SIGINFO
SIGINT: [libjvm.dylib+0x457611], sa_mask[0]=11111111011111110111111111111111, sa_flags=SA_RESTART|SA_SIGINFO
SIGTERM: [libjvm.dylib+0x457611], sa_mask[0]=11111111011111110111111111111111, sa_flags=SA_RESTART|SA_SIGINFO
SIGQUIT: [libjvm.dylib+0x457611], sa_mask[0]=11111111011111110111111111111111, sa_flags=SA_RESTART|SA_SIGINFO


---------------  S Y S T E M  ---------------

OS:Bsduname:Darwin 15.6.0 Darwin Kernel Version 15.6.0: Fri Feb 17 10:21:18 PST 2017; root:xnu-3248.60.11.4.1~1/RELEASE_X86_64 x86_64
rlimit: STACK 8192k, CORE 0k, NPROC 709, NOFILE 10240, AS infinity
load average:4.76 3.72 3.67

CPU:total 4 (2 cores per cpu, 2 threads per core) family 6 model 69 stepping 1, cmov, cx8, fxsr, mmx, sse, sse2, sse3, ssse3, sse4.1, sse4.2, popcnt, avx, avx2, aes, clmul, erms, lzcnt, ht, tsc, tscinvbit, bmi1, bmi2

Memory: 4k page, physical 8388608k(284320k free)

/proc/meminfo:


vm_info: OpenJDK 64-Bit Server VM (25.112-b06) for bsd-amd64 JRE (1.8.0_112-release-b06), built on Dec  6 2016 12:18:58 by "builder" with gcc 4.2.1 (Based on Apple Inc. build 5658) (LLVM build 2336.11.00)

time: Fri Apr 21 20:33:07 2017
elapsed time: 32530 seconds (0d 9h 2m 10s)

